2022-05-21T12:01:01.838Z	::1	GET	/assets/test.txt	304	- bytes	4.835 ms
2022-05-21T12:01:01.954Z	::1	GET	/favicon.ico	404	9 bytes	3.501 ms
2022-05-21T12:01:12.464Z	::1	GET	/api/period	404	9 bytes	0.742 ms
2022-05-21T12:01:36.859Z	::1	GET	/api/admin	404	9 bytes	0.502 ms
2022-05-21T12:01:40.651Z	::1	GET	/api/administrator	200	364 bytes	1.453 ms
2022-05-21T12:12:44.344Z	::1	GET	/api/administrator	200	364 bytes	4.354 ms
2022-05-21T12:19:25.451Z	::1	GET	/api/administrator	200	370 bytes	4.086 ms
2022-05-21T12:19:25.898Z	::1	GET	/api/administrator	200	370 bytes	2.764 ms
2022-05-21T12:19:26.202Z	::1	GET	/api/administrator	200	370 bytes	0.649 ms
2022-05-21T12:19:26.485Z	::1	GET	/api/administrator	200	370 bytes	0.608 ms
2022-05-21T12:19:26.709Z	::1	GET	/api/administrator	200	370 bytes	0.658 ms
2022-05-21T12:19:26.884Z	::1	GET	/api/administrator	200	370 bytes	1.022 ms
2022-05-21T12:19:27.039Z	::1	GET	/api/administrator	200	370 bytes	0.479 ms
2022-05-21T12:19:27.176Z	::1	GET	/api/administrator	200	370 bytes	0.481 ms
2022-05-21T12:19:27.328Z	::1	GET	/api/administrator	200	370 bytes	1.165 ms
2022-05-21T12:19:27.482Z	::1	GET	/api/administrator	200	370 bytes	1.162 ms
2022-05-21T12:19:27.634Z	::1	GET	/api/administrator	200	370 bytes	0.883 ms
2022-05-21T12:19:27.789Z	::1	GET	/api/administrator	200	370 bytes	0.430 ms
2022-05-21T12:19:27.899Z	::1	GET	/api/administrator	200	370 bytes	0.694 ms
2022-05-21T12:19:28.041Z	::1	GET	/api/administrator	200	370 bytes	0.607 ms
2022-05-21T12:19:28.160Z	::1	GET	/api/administrator	200	370 bytes	0.454 ms
2022-05-21T12:19:31.149Z	::1	GET	/api/administrator	200	370 bytes	0.577 ms
2022-05-21T12:19:31.584Z	::1	GET	/api/administrator	200	370 bytes	0.758 ms
2022-05-21T12:19:31.913Z	::1	GET	/api/administrator	200	370 bytes	0.772 ms
2022-05-21T12:19:32.222Z	::1	GET	/api/administrator	200	370 bytes	1.110 ms
2022-05-21T12:19:32.527Z	::1	GET	/api/administrator	200	370 bytes	1.030 ms
2022-05-21T12:19:32.823Z	::1	GET	/api/administrator	200	370 bytes	0.956 ms
2022-05-21T12:19:33.069Z	::1	GET	/api/administrator	200	370 bytes	0.420 ms
2022-05-21T12:19:33.309Z	::1	GET	/api/administrator	200	370 bytes	0.541 ms
2022-05-21T12:19:33.563Z	::1	GET	/api/administrator	200	370 bytes	0.770 ms
2022-05-21T12:19:33.785Z	::1	GET	/api/administrator	200	370 bytes	0.547 ms
2022-05-21T12:19:34.013Z	::1	GET	/api/administrator	200	370 bytes	0.399 ms
2022-05-21T12:19:34.222Z	::1	GET	/api/administrator	200	370 bytes	0.950 ms
2022-05-21T12:19:34.415Z	::1	GET	/api/administrator	200	370 bytes	0.553 ms
2022-05-21T12:19:34.629Z	::1	GET	/api/administrator	200	370 bytes	0.427 ms
2022-05-21T12:19:34.810Z	::1	GET	/api/administrator	200	370 bytes	0.445 ms
2022-05-21T12:19:34.955Z	::1	GET	/api/administrator	200	370 bytes	0.540 ms
2022-05-21T14:17:52.562Z	::1	GET	/api/administrator	200	347 bytes	16.980 ms
2022-05-21T14:34:13.267Z	::1	GET	/api/administrator/1	404	9 bytes	13.144 ms
2022-05-21T14:34:16.365Z	::1	GET	/api/administrator/2	200	117 bytes	3.614 ms
2022-05-21T14:34:20.402Z	::1	GET	/api/administrator/3	200	113 bytes	2.022 ms
2022-05-21T14:34:23.682Z	::1	GET	/api/administrator/4	200	113 bytes	1.622 ms
2022-05-21T14:34:28.403Z	::1	GET	/api/administrator/5	404	9 bytes	1.558 ms
2022-05-21T14:35:08.770Z	::1	GET	/api/administrator/4	500	51 bytes	7.271 ms
2022-05-21T14:35:18.104Z	::1	GET	/api/administrator/4	200	113 bytes	11.964 ms
2022-05-21T15:23:31.100Z	::1	GET	//api/administrator	404	9 bytes	3.331 ms
2022-05-21T15:24:25.255Z	::1	GET	/api/administrator/	200	347 bytes	12.338 ms
2022-05-21T15:24:32.704Z	::1	GET	//api/administrator/	404	9 bytes	0.497 ms
2022-05-21T15:24:37.932Z	::1	GET	/api/administrator	304	- bytes	2.383 ms
2022-05-21T15:24:43.666Z	::1	GET	/api/administrator	200	347 bytes	2.106 ms
2022-05-21T15:25:03.487Z	::1	GET	//api/administrator	404	9 bytes	0.285 ms
2022-05-21T15:25:10.743Z	::1	GET	/api/administrator	200	347 bytes	1.807 ms
2022-05-21T15:25:18.098Z	::1	GET	/api/administrator/1	404	9 bytes	2.750 ms
2022-05-21T15:25:20.305Z	::1	GET	/api/administrator/2	200	117 bytes	1.670 ms
2022-05-21T15:25:34.903Z	::1	GET	/api/administrator	200	347 bytes	3.129 ms
2022-05-21T15:25:59.432Z	::1	GET	/api/administrator/2	200	117 bytes	1.656 ms
2022-05-21T15:29:18.700Z	::1	POST	/api/administrator	400	164 bytes	2.628 ms
2022-05-21T15:30:04.108Z	::1	POST	/api/administrator	200	115 bytes	18.419 ms
2022-05-21T15:45:01.890Z	::1	POST	/api/administrator	400	170 bytes	3.438 ms
2022-05-21T15:45:16.047Z	::1	POST	/api/administrator	400	178 bytes	0.834 ms
2022-05-21T15:45:27.117Z	::1	POST	/api/administrator	200	120 bytes	15.353 ms
2022-05-21T17:13:26.231Z	::1	GET	/api/administrator	200	584 bytes	57.469 ms
2022-05-21T17:13:33.203Z	::1	GET	/api/administrator/2	200	117 bytes	3.350 ms
2022-05-21T17:13:38.043Z	::1	GET	/api/administrator/2	200	117 bytes	2.668 ms
2022-05-21T17:24:34.866Z	::1	GET	/api/user	404	9 bytes	2.681 ms
2022-05-21T17:25:02.157Z	::1	GET	/api/user	200	458 bytes	11.012 ms
2022-05-21T17:26:43.402Z	::1	GET	/api/user	200	544 bytes	11.615 ms
2022-05-21T17:37:29.775Z	::1	GET	/api/period	200	154 bytes	10.907 ms
2022-05-21T17:37:54.023Z	::1	GET	/api/period/1	200	50 bytes	3.455 ms
2022-05-21T18:13:40.726Z	::1	GET	/api/period/1	200	50 bytes	11.130 ms
2022-05-21T18:13:43.739Z	::1	GET	/api/period/	200	154 bytes	2.745 ms
2022-05-21T18:13:56.800Z	::1	GET	/api/administrator/	200	584 bytes	3.475 ms
2022-05-21T18:14:01.423Z	::1	GET	/api/administrator/3	200	113 bytes	2.617 ms
2022-05-21T18:14:05.519Z	::1	GET	/api/period/3	200	50 bytes	1.720 ms
2022-05-21T18:14:08.771Z	::1	GET	/api/period/	200	154 bytes	1.494 ms
